INFO: (function: applyOptionsBase) FitterAlgoBase.cc: 113 -- Setting robust fit options to Tolerance=0.1 / Strategy=0 / Type,Algo=Minuit2,Migrad (note that defaults of CascadeMinimizer were taken where option not specified)
INFO: (function: getNormalizations) FitDiagnostics.cc: 780 -- Generating toy data for evaluating per-bin uncertainties and covariances with post-fit nuisance parameters with 200 toys
INFO: (function: improveOnce) CascadeMinimizer.cc: 184 -- Minimisation configured with Type=Minuit2, Algo=Migrad, strategy=1, tolerance=0.1
INFO: (function: improveOnce) CascadeMinimizer.cc: 207 -- Minimisation finished with status=0
INFO: (function: improveOnce) CascadeMinimizer.cc: 212 -- Minimization success! status=0
INFO: (function: improveOnce) CascadeMinimizer.cc: 184 -- Minimisation configured with Type=Minuit2, Algo=Migrad, strategy=1, tolerance=0.1
INFO: (function: improveOnce) CascadeMinimizer.cc: 207 -- Minimisation finished with status=0
INFO: (function: improveOnce) CascadeMinimizer.cc: 212 -- Minimization success! status=0
DEBUG: (function: runSpecific) FitDiagnostics.cc: 305 -- Fit B-only, status = 0, numBadNLL = 0, covariance quality = 3
INFO: (function: getNormalizations) FitDiagnostics.cc: 780 -- Generating toy data for evaluating per-bin uncertainties and covariances with post-fit nuisance parameters with 200 toys
INFO: (function: improveOnce) CascadeMinimizer.cc: 184 -- Minimisation configured with Type=Minuit2, Algo=Migrad, strategy=1, tolerance=0.1
INFO: (function: improveOnce) CascadeMinimizer.cc: 207 -- Minimisation finished with status=0
INFO: (function: improveOnce) CascadeMinimizer.cc: 212 -- Minimization success! status=0
INFO: (function: doFit) FitterAlgoBase.cc: 359 -- Running RobustFit for POI r. Configured with strategy 0  
INFO: (function: findCrossing) FitterAlgoBase.cc: 405 -- Searching for crossing at nll = -1251.29, in the interval 1.01645 < r < 1.2
INFO: (function: improveOnce) CascadeMinimizer.cc: 184 -- Minimisation configured with Type=Minuit2, Algo=Migrad, strategy=1, tolerance=0.1
INFO: (function: improveOnce) CascadeMinimizer.cc: 207 -- Minimisation finished with status=0
INFO: (function: improveOnce) CascadeMinimizer.cc: 212 -- Minimization success! status=0
INFO: (function: findCrossing) FitterAlgoBase.cc: 426 -- r lvl-here lvl-there 	stepping 
INFO: (function: improveOnce) CascadeMinimizer.cc: 184 -- Minimisation configured with Type=Minuit2, Algo=Migrad, strategy=1, tolerance=0.1
INFO: (function: improveOnce) CascadeMinimizer.cc: 207 -- Minimisation finished with status=0
INFO: (function: improveOnce) CascadeMinimizer.cc: 212 -- Minimization success! status=0
INFO: (function: findCrossing) FitterAlgoBase.cc: 459 -- 1.034807    +0.31972  +0.49452    0.018355
INFO: (function: improveOnce) CascadeMinimizer.cc: 184 -- Minimisation configured with Type=Minuit2, Algo=Migrad, strategy=1, tolerance=0.1
INFO: (function: improveOnce) CascadeMinimizer.cc: 207 -- Minimisation finished with status=0
INFO: (function: improveOnce) CascadeMinimizer.cc: 212 -- Minimization success! status=0
INFO: (function: findCrossing) FitterAlgoBase.cc: 459 -- 1.053162    -0.19422  +0.31972    0.018355
INFO: (function: improveOnce) CascadeMinimizer.cc: 184 -- Minimisation configured with Type=Minuit2, Algo=Migrad, strategy=1, tolerance=0.1
INFO: (function: improveOnce) CascadeMinimizer.cc: 207 -- Minimisation finished with status=0
INFO: (function: improveOnce) CascadeMinimizer.cc: 212 -- Minimization success! status=0
INFO: (function: findCrossing) FitterAlgoBase.cc: 459 -- 1.040313    +0.20031  -0.19422    0.005506
INFO: (function: improveOnce) CascadeMinimizer.cc: 184 -- Minimisation configured with Type=Minuit2, Algo=Migrad, strategy=1, tolerance=0.1
INFO: (function: improveOnce) CascadeMinimizer.cc: 207 -- Minimisation finished with status=0
INFO: (function: improveOnce) CascadeMinimizer.cc: 212 -- Minimization success! status=0
INFO: (function: findCrossing) FitterAlgoBase.cc: 459 -- 1.045820    +0.05088  +0.20031    0.005506
INFO: (function: improveOnce) CascadeMinimizer.cc: 184 -- Minimisation configured with Type=Minuit2, Algo=Migrad, strategy=1, tolerance=0.1
INFO: (function: improveOnce) CascadeMinimizer.cc: 207 -- Minimisation finished with status=0
INFO: (function: improveOnce) CascadeMinimizer.cc: 212 -- Minimization success! status=0
INFO: (function: findCrossing) FitterAlgoBase.cc: 459 -- 1.051326    -0.12810  +0.05088    0.005506
INFO: (function: improveOnce) CascadeMinimizer.cc: 184 -- Minimisation configured with Type=Minuit2, Algo=Migrad, strategy=1, tolerance=0.1
INFO: (function: improveOnce) CascadeMinimizer.cc: 207 -- Minimisation finished with status=0
INFO: (function: improveOnce) CascadeMinimizer.cc: 212 -- Minimization success! status=0
INFO: (function: findCrossing) FitterAlgoBase.cc: 459 -- 1.047472    +0.00028  -0.12810    0.001652
INFO: (function: findCrossing) FitterAlgoBase.cc: 405 -- Searching for crossing at nll = -1251.29, in the interval 1.01645 < r < 0.8
INFO: (function: improveOnce) CascadeMinimizer.cc: 184 -- Minimisation configured with Type=Minuit2, Algo=Migrad, strategy=1, tolerance=0.1
INFO: (function: improveOnce) CascadeMinimizer.cc: 207 -- Minimisation finished with status=0
INFO: (function: improveOnce) CascadeMinimizer.cc: 212 -- Minimization success! status=0
INFO: (function: findCrossing) FitterAlgoBase.cc: 426 -- r lvl-here lvl-there 	stepping 
INFO: (function: improveOnce) CascadeMinimizer.cc: 184 -- Minimisation configured with Type=Minuit2, Algo=Migrad, strategy=1, tolerance=0.1
INFO: (function: improveOnce) CascadeMinimizer.cc: 207 -- Minimisation finished with status=0
INFO: (function: improveOnce) CascadeMinimizer.cc: 212 -- Minimization success! status=0
INFO: (function: findCrossing) FitterAlgoBase.cc: 459 -- 0.994807    +0.23927  +0.49452    -0.021645
INFO: (function: improveOnce) CascadeMinimizer.cc: 184 -- Minimisation configured with Type=Minuit2, Algo=Migrad, strategy=1, tolerance=0.1
INFO: (function: improveOnce) CascadeMinimizer.cc: 207 -- Minimisation finished with status=0
INFO: (function: improveOnce) CascadeMinimizer.cc: 212 -- Minimization success! status=0
INFO: (function: findCrossing) FitterAlgoBase.cc: 459 -- 0.973162    -0.54679  +0.23927    -0.021645
INFO: (function: improveOnce) CascadeMinimizer.cc: 184 -- Minimisation configured with Type=Minuit2, Algo=Migrad, strategy=1, tolerance=0.1
INFO: (function: improveOnce) CascadeMinimizer.cc: 207 -- Minimisation finished with status=0
INFO: (function: improveOnce) CascadeMinimizer.cc: 212 -- Minimization success! status=0
INFO: (function: findCrossing) FitterAlgoBase.cc: 459 -- 0.988313    +0.06071  -0.54679    -0.006494
INFO: (function: improveOnce) CascadeMinimizer.cc: 184 -- Minimisation configured with Type=Minuit2, Algo=Migrad, strategy=1, tolerance=0.1
INFO: (function: improveOnce) CascadeMinimizer.cc: 207 -- Minimisation finished with status=0
INFO: (function: improveOnce) CascadeMinimizer.cc: 212 -- Minimization success! status=0
INFO: (function: findCrossing) FitterAlgoBase.cc: 459 -- 0.981820    -0.16650  +0.06071    -0.006494
INFO: (function: improveOnce) CascadeMinimizer.cc: 184 -- Minimisation configured with Type=Minuit2, Algo=Migrad, strategy=1, tolerance=0.1
INFO: (function: improveOnce) CascadeMinimizer.cc: 207 -- Minimisation finished with status=0
INFO: (function: improveOnce) CascadeMinimizer.cc: 212 -- Minimization success! status=0
INFO: (function: findCrossing) FitterAlgoBase.cc: 459 -- 0.986365    -0.00225  -0.16650    -0.001948
INFO: (function: improveOnce) CascadeMinimizer.cc: 184 -- Minimisation configured with Type=Minuit2, Algo=Migrad, strategy=1, tolerance=0.1
INFO: (function: improveOnce) CascadeMinimizer.cc: 207 -- Minimisation finished with status=0
INFO: (function: improveOnce) CascadeMinimizer.cc: 212 -- Minimization success! status=0
INFO: (function: findCrossing) FitterAlgoBase.cc: 459 -- 0.987729    +0.04226  -0.00225    -0.000584
INFO: (function: improveOnce) CascadeMinimizer.cc: 184 -- Minimisation configured with Type=Minuit2, Algo=Migrad, strategy=1, tolerance=0.1
INFO: (function: improveOnce) CascadeMinimizer.cc: 207 -- Minimisation finished with status=0
INFO: (function: improveOnce) CascadeMinimizer.cc: 212 -- Minimization success! status=0
INFO: (function: findCrossing) FitterAlgoBase.cc: 459 -- 0.987145    +0.02348  +0.04226    -0.000584
INFO: (function: improveOnce) CascadeMinimizer.cc: 184 -- Minimisation configured with Type=Minuit2, Algo=Migrad, strategy=1, tolerance=0.1
INFO: (function: improveOnce) CascadeMinimizer.cc: 207 -- Minimisation finished with status=0
INFO: (function: improveOnce) CascadeMinimizer.cc: 212 -- Minimization success! status=0
INFO: (function: findCrossing) FitterAlgoBase.cc: 459 -- 0.986560    +0.00421  +0.02348    -0.000584
INFO: (function: improveOnce) CascadeMinimizer.cc: 184 -- Minimisation configured with Type=Minuit2, Algo=Migrad, strategy=1, tolerance=0.1
INFO: (function: improveOnce) CascadeMinimizer.cc: 207 -- Minimisation finished with status=0
INFO: (function: improveOnce) CascadeMinimizer.cc: 212 -- Minimization success! status=0
INFO: (function: findCrossing) FitterAlgoBase.cc: 459 -- 0.985976    -0.01538  +0.00421    -0.000584
INFO: (function: improveOnce) CascadeMinimizer.cc: 184 -- Minimisation configured with Type=Minuit2, Algo=Migrad, strategy=1, tolerance=0.1
INFO: (function: improveOnce) CascadeMinimizer.cc: 207 -- Minimisation finished with status=0
INFO: (function: improveOnce) CascadeMinimizer.cc: 212 -- Minimization success! status=0
INFO: (function: findCrossing) FitterAlgoBase.cc: 459 -- 0.986385    -0.00168  -0.01538    -0.000175
INFO: (function: improveOnce) CascadeMinimizer.cc: 184 -- Minimisation configured with Type=Minuit2, Algo=Migrad, strategy=1, tolerance=0.1
INFO: (function: improveOnce) CascadeMinimizer.cc: 207 -- Minimisation finished with status=0
INFO: (function: improveOnce) CascadeMinimizer.cc: 212 -- Minimization success! status=0
INFO: (function: findCrossing) FitterAlgoBase.cc: 459 -- 0.986507    +0.00245  -0.00168    -0.000053
INFO: (function: improveOnce) CascadeMinimizer.cc: 184 -- Minimisation configured with Type=Minuit2, Algo=Migrad, strategy=1, tolerance=0.1
INFO: (function: improveOnce) CascadeMinimizer.cc: 207 -- Minimisation finished with status=0
INFO: (function: improveOnce) CascadeMinimizer.cc: 212 -- Minimization success! status=0
INFO: (function: findCrossing) FitterAlgoBase.cc: 459 -- 0.986455    +0.00069  +0.00245    -0.000053
INFO: (function: improveOnce) CascadeMinimizer.cc: 184 -- Minimisation configured with Type=Minuit2, Algo=Migrad, strategy=1, tolerance=0.1
INFO: (function: improveOnce) CascadeMinimizer.cc: 207 -- Minimisation finished with status=0
INFO: (function: improveOnce) CascadeMinimizer.cc: 212 -- Minimization success! status=0
INFO: (function: findCrossing) FitterAlgoBase.cc: 459 -- 0.986402    -0.00107  +0.00069    -0.000053
INFO: (function: improveOnce) CascadeMinimizer.cc: 184 -- Minimisation configured with Type=Minuit2, Algo=Migrad, strategy=1, tolerance=0.1
INFO: (function: improveOnce) CascadeMinimizer.cc: 207 -- Minimisation finished with status=0
INFO: (function: improveOnce) CascadeMinimizer.cc: 212 -- Minimization success! status=0
INFO: (function: findCrossing) FitterAlgoBase.cc: 459 -- 0.986439    +0.00017  -0.00107    -0.000016
DEBUG: (function: runSpecific) FitDiagnostics.cc: 414 -- Fit S+B, status = 0, numBadNLL = 0, covariance quality = 3
INFO: (function: getNormalizations) FitDiagnostics.cc: 780 -- Generating toy data for evaluating per-bin uncertainties and covariances with post-fit nuisance parameters with 200 toys
